<?xml version="1.0" encoding="UTF-8" standalone="no"?>
<!DOCTYPE log SYSTEM "logger.dtd">
<log>
<record>
  <date>2017-06-23T16:19:23.585-0300</date>
  <logger>DANIEL BEZERRA GALVAO MITRE</logger>
  <level>FINE</level>
  <message>File 116110274-DANIEL BEZERRA GALVAO MITRE.zip was received. It was sent by DANIEL BEZERRA GALVAO MITRE from IP 127.0.1.1</message>
</record>
</log>
<?xml version="1.0" encoding="UTF-8" standalone="no"?>
<!DOCTYPE log SYSTEM "logger.dtd">
<log>
<record>
  <date>2017-06-23T17:08:46.099-0300</date>
  <logger>DANIEL BEZERRA GALVAO MITRE</logger>
  <level>FINE</level>
  <message>File 116110274-DANIEL BEZERRA GALVAO MITRE.zip was received. It was sent by DANIEL BEZERRA GALVAO MITRE from IP 127.0.1.1</message>
</record>
</log>
<?xml version="1.0" encoding="UTF-8" standalone="no"?>
<!DOCTYPE log SYSTEM "logger.dtd">
<log>
<record>
  <date>2017-06-24T15:20:45.275-0300</date>
  <logger>DANIEL BEZERRA GALVAO MITRE</logger>
  <level>FINE</level>
  <message>File 116110274-DANIEL BEZERRA GALVAO MITRE.zip was received. It was sent by DANIEL BEZERRA GALVAO MITRE from IP 127.0.1.1</message>
</record>
