<?xml version="1.0" encoding="UTF-8" standalone="no"?>
<!DOCTYPE log SYSTEM "logger.dtd">
<log>
<record>
  <date>2017-07-19T14:08:28.371-0300</date>
  <logger>DANIEL BEZERRA GALVAO MITRE</logger>
  <level>FINE</level>
  <message>File 116110274-DANIEL BEZERRA GALVAO MITRE.zip was received. It was sent by DANIEL BEZERRA GALVAO MITRE from IP 127.0.1.1</message>
</record>
</log>
<?xml version="1.0" encoding="UTF-8" standalone="no"?>
<!DOCTYPE log SYSTEM "logger.dtd">
<log>
<record>
  <date>2017-07-19T15:39:53.490-0300</date>
  <logger>DANIEL BEZERRA GALVAO MITRE</logger>
  <level>FINE</level>
  <message>File 116110274-DANIEL BEZERRA GALVAO MITRE.zip was received. It was sent by DANIEL BEZERRA GALVAO MITRE from IP 127.0.1.1</message>
</record>
</log>
<?xml version="1.0" encoding="UTF-8" standalone="no"?>
<!DOCTYPE log SYSTEM "logger.dtd">
<log>
<record>
  <date>2017-07-19T21:07:06.894-0300</date>
  <logger>DANIEL BEZERRA GALVAO MITRE</logger>
  <level>FINE</level>
  <message>File 116110274-DANIEL BEZERRA GALVAO MITRE.zip was received. It was sent by DANIEL BEZERRA GALVAO MITRE from IP 127.0.1.1</message>
</record>
</log>
<?xml version="1.0" encoding="UTF-8" standalone="no"?>
<!DOCTYPE log SYSTEM "logger.dtd">
<log>
<record>
  <date>2017-07-20T12:05:00.736-0300</date>
  <logger>DANIEL BEZERRA GALVAO MITRE</logger>
  <level>FINE</level>
  <message>File 116110274-DANIEL BEZERRA GALVAO MITRE.zip was received. It was sent by DANIEL BEZERRA GALVAO MITRE from IP 127.0.1.1</message>
</record>
