<?xml version="1.0" encoding="UTF-8" standalone="no"?>
<!DOCTYPE log SYSTEM "logger.dtd">
<log>
<record>
  <date>2017-05-26T16:13:35.988-0300</date>
  <logger>DANIEL BEZERRA GALVAO MITRE</logger>
  <level>FINE</level>
  <message>File 116110274-DANIEL BEZERRA GALVAO MITRE.zip was received. It was sent by DANIEL BEZERRA GALVAO MITRE from IP 127.0.1.1</message>
</record>
</log>
<?xml version="1.0" encoding="UTF-8" standalone="no"?>
<!DOCTYPE log SYSTEM "logger.dtd">
<log>
<record>
  <date>2017-05-26T22:20:08.507-0300</date>
  <logger>DANIEL BEZERRA GALVAO MITRE</logger>
  <level>FINE</level>
  <message>File 116110274-DANIEL BEZERRA GALVAO MITRE.zip was received. It was sent by DANIEL BEZERRA GALVAO MITRE from IP 127.0.1.1</message>
</record>
</log>
<?xml version="1.0" encoding="UTF-8" standalone="no"?>
<!DOCTYPE log SYSTEM "logger.dtd">
<log>
<record>
  <date>2017-05-26T22:20:55.820-0300</date>
  <logger>DANIEL BEZERRA GALVAO MITRE</logger>
  <level>FINE</level>
  <message>File 116110274-DANIEL BEZERRA GALVAO MITRE.zip was received. It was sent by DANIEL BEZERRA GALVAO MITRE from IP 127.0.1.1</message>
</record>
</log>
<?xml version="1.0" encoding="UTF-8" standalone="no"?>
<!DOCTYPE log SYSTEM "logger.dtd">
<log>
<record>
  <date>2017-05-26T22:38:15.303-0300</date>
  <logger>DANIEL BEZERRA GALVAO MITRE</logger>
  <level>FINE</level>
  <message>File 116110274-DANIEL BEZERRA GALVAO MITRE.zip was received. It was sent by DANIEL BEZERRA GALVAO MITRE from IP 127.0.1.1</message>
</record>
</log>
<?xml version="1.0" encoding="UTF-8" standalone="no"?>
<!DOCTYPE log SYSTEM "logger.dtd">
<log>
<record>
  <date>2017-05-26T22:42:09.508-0300</date>
  <logger>DANIEL BEZERRA GALVAO MITRE</logger>
  <level>FINE</level>
  <message>File 116110274-DANIEL BEZERRA GALVAO MITRE.zip was received. It was sent by DANIEL BEZERRA GALVAO MITRE from IP 127.0.1.1</message>
</record>
