<?xml version="1.0" encoding="UTF-8" standalone="no"?>
<!DOCTYPE log SYSTEM "logger.dtd">
<log>
<record>
  <date>2017-05-24T14:49:15.118-0300</date>
  <logger>DANIEL BEZERRA GALVAO MITRE</logger>
  <level>FINE</level>
  <message>File 116110274-DANIEL BEZERRA GALVAO MITRE.zip was received. It was sent by DANIEL BEZERRA GALVAO MITRE from IP 127.0.1.1</message>
</record>
</log>
<?xml version="1.0" encoding="UTF-8" standalone="no"?>
<!DOCTYPE log SYSTEM "logger.dtd">
<log>
<record>
  <date>2017-05-25T00:39:52.550-0300</date>
  <logger>DANIEL BEZERRA GALVAO MITRE</logger>
  <level>FINE</level>
  <message>File 116110274-DANIEL BEZERRA GALVAO MITRE.zip was received. It was sent by DANIEL BEZERRA GALVAO MITRE from IP 127.0.1.1</message>
</record>
</log>
<?xml version="1.0" encoding="UTF-8" standalone="no"?>
<!DOCTYPE log SYSTEM "logger.dtd">
<log>
<record>
  <date>2017-05-25T00:42:47.941-0300</date>
  <logger>DANIEL BEZERRA GALVAO MITRE</logger>
  <level>FINE</level>
  <message>File 116110274-DANIEL BEZERRA GALVAO MITRE.zip was received. It was sent by DANIEL BEZERRA GALVAO MITRE from IP 127.0.1.1</message>
</record>
</log>
<?xml version="1.0" encoding="UTF-8" standalone="no"?>
<!DOCTYPE log SYSTEM "logger.dtd">
<log>
<record>
  <date>2017-05-25T00:56:33.061-0300</date>
  <logger>DANIEL BEZERRA GALVAO MITRE</logger>
  <level>FINE</level>
  <message>File 116110274-DANIEL BEZERRA GALVAO MITRE.zip was received. It was sent by DANIEL BEZERRA GALVAO MITRE from IP 127.0.1.1</message>
</record>
</log>
<?xml version="1.0" encoding="UTF-8" standalone="no"?>
<!DOCTYPE log SYSTEM "logger.dtd">
<log>
<record>
  <date>2017-05-25T01:01:33.337-0300</date>
  <logger>DANIEL BEZERRA GALVAO MITRE</logger>
  <level>FINE</level>
  <message>File 116110274-DANIEL BEZERRA GALVAO MITRE.zip was received. It was sent by DANIEL BEZERRA GALVAO MITRE from IP 127.0.1.1</message>
</record>
</log>
<?xml version="1.0" encoding="UTF-8" standalone="no"?>
<!DOCTYPE log SYSTEM "logger.dtd">
<log>
<record>
  <date>2017-05-25T01:06:11.550-0300</date>
  <logger>DANIEL BEZERRA GALVAO MITRE</logger>
  <level>FINE</level>
  <message>File 116110274-DANIEL BEZERRA GALVAO MITRE.zip was received. It was sent by DANIEL BEZERRA GALVAO MITRE from IP 127.0.1.1</message>
</record>
</log>
<?xml version="1.0" encoding="UTF-8" standalone="no"?>
<!DOCTYPE log SYSTEM "logger.dtd">
<log>
<record>
  <date>2017-05-25T01:24:43.042-0300</date>
  <logger>DANIEL BEZERRA GALVAO MITRE</logger>
  <level>FINE</level>
  <message>File 116110274-DANIEL BEZERRA GALVAO MITRE.zip was received. It was sent by DANIEL BEZERRA GALVAO MITRE from IP 127.0.1.1</message>
</record>
